2025-05-19T16:11:30.836-07:00  INFO 21924 --- [restartedMain] wsf.example.FleetApp                     : Starting FleetApp using Java 21.0.7 with PID 21924 (D:\github\examples\fleet\target\classes started by scott in D:\github\examples)
2025-05-19T16:11:30.841-07:00 DEBUG 21924 --- [restartedMain] wsf.example.FleetApp                     : Running with Spring Boot v3.5.0-SNAPSHOT, Spring v6.2.7
2025-05-19T16:11:30.841-07:00  INFO 21924 --- [restartedMain] wsf.example.FleetApp                     : No active profile set, falling back to 1 default profile: "default"
2025-05-19T16:11:30.880-07:00  INFO 21924 --- [restartedMain] .e.DevToolsPropertyDefaultsPostProcessor : Devtools property defaults active! Set 'spring.devtools.add-properties' to 'false' to disable
2025-05-19T16:11:30.881-07:00  INFO 21924 --- [restartedMain] .e.DevToolsPropertyDefaultsPostProcessor : For additional web related logging consider setting the 'logging.level.web' property to 'DEBUG'
2025-05-19T16:11:31.556-07:00  INFO 21924 --- [restartedMain] .s.d.r.c.RepositoryConfigurationDelegate : Bootstrapping Spring Data JPA repositories in DEFAULT mode.
2025-05-19T16:11:31.613-07:00  INFO 21924 --- [restartedMain] .s.d.r.c.RepositoryConfigurationDelegate : Finished Spring Data repository scanning in 51 ms. Found 3 JPA repository interfaces.
2025-05-19T16:11:32.231-07:00  INFO 21924 --- [restartedMain] o.s.b.w.embedded.tomcat.TomcatWebServer  : Tomcat initialized with port 8080 (http)
2025-05-19T16:11:32.249-07:00  INFO 21924 --- [restartedMain] o.apache.catalina.core.StandardService   : Starting service [Tomcat]
2025-05-19T16:11:32.250-07:00  INFO 21924 --- [restartedMain] o.apache.catalina.core.StandardEngine    : Starting Servlet engine: [Apache Tomcat/10.1.41]
2025-05-19T16:11:32.308-07:00  INFO 21924 --- [restartedMain] o.a.c.c.C.[Tomcat].[localhost].[/]       : Initializing Spring embedded WebApplicationContext
2025-05-19T16:11:32.308-07:00  INFO 21924 --- [restartedMain] w.s.c.ServletWebServerApplicationContext : Root WebApplicationContext: initialization completed in 1427 ms
2025-05-19T16:11:32.547-07:00  INFO 21924 --- [restartedMain] o.hibernate.jpa.internal.util.LogHelper  : HHH000204: Processing PersistenceUnitInfo [name: default]
2025-05-19T16:11:32.645-07:00  INFO 21924 --- [restartedMain] org.hibernate.Version                    : HHH000412: Hibernate ORM core version 6.6.15.Final
2025-05-19T16:11:32.691-07:00  INFO 21924 --- [restartedMain] o.h.c.internal.RegionFactoryInitiator    : HHH000026: Second-level cache disabled
2025-05-19T16:11:33.045-07:00  INFO 21924 --- [restartedMain] o.s.o.j.p.SpringPersistenceUnitInfo      : No LoadTimeWeaver setup: ignoring JPA class transformer
2025-05-19T16:11:33.084-07:00  INFO 21924 --- [restartedMain] com.zaxxer.hikari.HikariDataSource       : HikariPool-1 - Starting...
2025-05-19T16:11:33.175-07:00  INFO 21924 --- [restartedMain] com.zaxxer.hikari.pool.HikariPool        : HikariPool-1 - Added connection org.sqlite.jdbc4.JDBC4Connection@11e47df3
2025-05-19T16:11:33.177-07:00  INFO 21924 --- [restartedMain] com.zaxxer.hikari.HikariDataSource       : HikariPool-1 - Start completed.
2025-05-19T16:11:33.209-07:00  INFO 21924 --- [restartedMain] org.hibernate.orm.connections.pooling    : HHH10001005: Database info:
	Database JDBC URL [Connecting through datasource 'HikariDataSource (HikariPool-1)']
	Database driver: undefined/unknown
	Database version: 3.42
	Autocommit mode: undefined/unknown
	Isolation level: undefined/unknown
	Minimum pool size: undefined/unknown
	Maximum pool size: undefined/unknown
2025-05-19T16:11:33.839-07:00  INFO 21924 --- [restartedMain] o.h.e.t.j.p.i.JtaPlatformInitiator       : HHH000489: No JTA platform available (set 'hibernate.transaction.jta.platform' to enable JTA platform integration)
2025-05-19T16:11:33.865-07:00  INFO 21924 --- [restartedMain] j.LocalContainerEntityManagerFactoryBean : Initialized JPA EntityManagerFactory for persistence unit 'default'
2025-05-19T16:11:34.564-07:00  WARN 21924 --- [restartedMain] JpaBaseConfiguration$JpaWebConfiguration : spring.jpa.open-in-view is enabled by default. Therefore, database queries may be performed during view rendering. Explicitly configure spring.jpa.open-in-view to disable this warning
2025-05-19T16:11:35.393-07:00  INFO 21924 --- [restartedMain] o.s.b.a.w.s.WelcomePageHandlerMapping    : Adding welcome page: class path resource [static/index.html]
2025-05-19T16:11:35.591-07:00  INFO 21924 --- [restartedMain] o.s.v.b.OptionalValidatorFactoryBean     : Failed to set up a Bean Validation provider: jakarta.validation.NoProviderFoundException: Unable to create a Configuration, because no Jakarta Bean Validation provider could be found. Add a provider like Hibernate Validator (RI) to your classpath.
2025-05-19T16:11:35.822-07:00  INFO 21924 --- [restartedMain] o.s.b.d.a.OptionalLiveReloadServer       : LiveReload server is running on port 35729
2025-05-19T16:11:35.846-07:00  INFO 21924 --- [restartedMain] o.s.b.w.embedded.tomcat.TomcatWebServer  : Tomcat started on port 8080 (http) with context path '/'
2025-05-19T16:11:35.857-07:00  INFO 21924 --- [restartedMain] wsf.example.FleetApp                     : Started FleetApp in 5.386 seconds (process running for 5.869)
